<?xml version="1.0" encoding="UTF-8"?>
<testsuite name="ru.stqa.ptf.sandbox.SquareTest" tests="1" skipped="0" failures="0" errors="0" timestamp="2021-02-25T06:46:52" hostname="Kravs-MacBook-Pro.local" time="0.004">
  <properties/>
  <testcase name="testArea" classname="ru.stqa.ptf.sandbox.SquareTest" time="0.004"/>
  <system-out><![CDATA[]]></system-out>
  <system-err><![CDATA[]]></system-err>
</testsuite>
